C:\USERS\URES\DOCUMENTS\VISUAL STUDIO 2010\PROJECTS\XBOX360SAMPLES\HTTP SOCKET SERVER\COMMON\DEBUG\ATGANIMATION.OBJ
C:\USERS\URES\DOCUMENTS\VISUAL STUDIO 2010\PROJECTS\XBOX360SAMPLES\HTTP SOCKET SERVER\COMMON\DEBUG\ATGAPP.OBJ
C:\USERS\URES\DOCUMENTS\VISUAL STUDIO 2010\PROJECTS\XBOX360SAMPLES\HTTP SOCKET SERVER\COMMON\DEBUG\ATGAUDIO.OBJ
C:\USERS\URES\DOCUMENTS\VISUAL STUDIO 2010\PROJECTS\XBOX360SAMPLES\HTTP SOCKET SERVER\COMMON\DEBUG\ATGAVATARRENDERER.OBJ
C:\USERS\URES\DOCUMENTS\VISUAL STUDIO 2010\PROJECTS\XBOX360SAMPLES\HTTP SOCKET SERVER\COMMON\DEBUG\ATGBOUND.OBJ
C:\USERS\URES\DOCUMENTS\VISUAL STUDIO 2010\PROJECTS\XBOX360SAMPLES\HTTP SOCKET SERVER\COMMON\DEBUG\ATGCAMERA.OBJ
C:\USERS\URES\DOCUMENTS\VISUAL STUDIO 2010\PROJECTS\XBOX360SAMPLES\HTTP SOCKET SERVER\COMMON\DEBUG\ATGCOLLISION.OBJ
C:\USERS\URES\DOCUMENTS\VISUAL STUDIO 2010\PROJECTS\XBOX360SAMPLES\HTTP SOCKET SERVER\COMMON\DEBUG\ATGCONSOLE.OBJ
C:\USERS\URES\DOCUMENTS\VISUAL STUDIO 2010\PROJECTS\XBOX360SAMPLES\HTTP SOCKET SERVER\COMMON\DEBUG\ATGDEBUGDRAW.OBJ
C:\USERS\URES\DOCUMENTS\VISUAL STUDIO 2010\PROJECTS\XBOX360SAMPLES\HTTP SOCKET SERVER\COMMON\DEBUG\ATGDEVICE.OBJ
C:\USERS\URES\DOCUMENTS\VISUAL STUDIO 2010\PROJECTS\XBOX360SAMPLES\HTTP SOCKET SERVER\COMMON\DEBUG\ATGDSP.OBJ
C:\USERS\URES\DOCUMENTS\VISUAL STUDIO 2010\PROJECTS\XBOX360SAMPLES\HTTP SOCKET SERVER\COMMON\DEBUG\ATGENUMSTRINGS.OBJ
C:\USERS\URES\DOCUMENTS\VISUAL STUDIO 2010\PROJECTS\XBOX360SAMPLES\HTTP SOCKET SERVER\COMMON\DEBUG\ATGFONT.OBJ
C:\USERS\URES\DOCUMENTS\VISUAL STUDIO 2010\PROJECTS\XBOX360SAMPLES\HTTP SOCKET SERVER\COMMON\DEBUG\ATGFRAME.OBJ
C:\USERS\URES\DOCUMENTS\VISUAL STUDIO 2010\PROJECTS\XBOX360SAMPLES\HTTP SOCKET SERVER\COMMON\DEBUG\ATGFRAMEWORK.LIB
C:\USERS\URES\DOCUMENTS\VISUAL STUDIO 2010\PROJECTS\XBOX360SAMPLES\HTTP SOCKET SERVER\COMMON\DEBUG\ATGFRAMEWORK.PCH
C:\USERS\URES\DOCUMENTS\VISUAL STUDIO 2010\PROJECTS\XBOX360SAMPLES\HTTP SOCKET SERVER\COMMON\DEBUG\ATGHELP.OBJ
C:\USERS\URES\DOCUMENTS\VISUAL STUDIO 2010\PROJECTS\XBOX360SAMPLES\HTTP SOCKET SERVER\COMMON\DEBUG\ATGHTTP.OBJ
C:\USERS\URES\DOCUMENTS\VISUAL STUDIO 2010\PROJECTS\XBOX360SAMPLES\HTTP SOCKET SERVER\COMMON\DEBUG\ATGINPUT.OBJ
C:\USERS\URES\DOCUMENTS\VISUAL STUDIO 2010\PROJECTS\XBOX360SAMPLES\HTTP SOCKET SERVER\COMMON\DEBUG\ATGJSON.OBJ
C:\USERS\URES\DOCUMENTS\VISUAL STUDIO 2010\PROJECTS\XBOX360SAMPLES\HTTP SOCKET SERVER\COMMON\DEBUG\ATGLIGHT.OBJ
C:\USERS\URES\DOCUMENTS\VISUAL STUDIO 2010\PROJECTS\XBOX360SAMPLES\HTTP SOCKET SERVER\COMMON\DEBUG\ATGMATERIALS.OBJ
C:\USERS\URES\DOCUMENTS\VISUAL STUDIO 2010\PROJECTS\XBOX360SAMPLES\HTTP SOCKET SERVER\COMMON\DEBUG\ATGMEDIALOCATOR.OBJ
C:\USERS\URES\DOCUMENTS\VISUAL STUDIO 2010\PROJECTS\XBOX360SAMPLES\HTTP SOCKET SERVER\COMMON\DEBUG\ATGMESH.OBJ
C:\USERS\URES\DOCUMENTS\VISUAL STUDIO 2010\PROJECTS\XBOX360SAMPLES\HTTP SOCKET SERVER\COMMON\DEBUG\ATGMODEL.OBJ
C:\USERS\URES\DOCUMENTS\VISUAL STUDIO 2010\PROJECTS\XBOX360SAMPLES\HTTP SOCKET SERVER\COMMON\DEBUG\ATGNAMEDTYPEDOBJECT.OBJ
C:\USERS\URES\DOCUMENTS\VISUAL STUDIO 2010\PROJECTS\XBOX360SAMPLES\HTTP SOCKET SERVER\COMMON\DEBUG\ATGNUICOMMON.OBJ
C:\USERS\URES\DOCUMENTS\VISUAL STUDIO 2010\PROJECTS\XBOX360SAMPLES\HTTP SOCKET SERVER\COMMON\DEBUG\ATGNUIHANDREFINEMENT.OBJ
C:\USERS\URES\DOCUMENTS\VISUAL STUDIO 2010\PROJECTS\XBOX360SAMPLES\HTTP SOCKET SERVER\COMMON\DEBUG\ATGNUIJOINTCONVERTER.OBJ
C:\USERS\URES\DOCUMENTS\VISUAL STUDIO 2010\PROJECTS\XBOX360SAMPLES\HTTP SOCKET SERVER\COMMON\DEBUG\ATGNUIJOINTFILTER.OBJ
C:\USERS\URES\DOCUMENTS\VISUAL STUDIO 2010\PROJECTS\XBOX360SAMPLES\HTTP SOCKET SERVER\COMMON\DEBUG\ATGNUIMENU.OBJ
C:\USERS\URES\DOCUMENTS\VISUAL STUDIO 2010\PROJECTS\XBOX360SAMPLES\HTTP SOCKET SERVER\COMMON\DEBUG\ATGNUIRELATIVECOORDINATES.OBJ
C:\USERS\URES\DOCUMENTS\VISUAL STUDIO 2010\PROJECTS\XBOX360SAMPLES\HTTP SOCKET SERVER\COMMON\DEBUG\ATGNUIVISUALIZATION.OBJ
C:\USERS\URES\DOCUMENTS\VISUAL STUDIO 2010\PROJECTS\XBOX360SAMPLES\HTTP SOCKET SERVER\COMMON\DEBUG\ATGPOSTPROCESS.OBJ
C:\USERS\URES\DOCUMENTS\VISUAL STUDIO 2010\PROJECTS\XBOX360SAMPLES\HTTP SOCKET SERVER\COMMON\DEBUG\ATGRESOURCE.OBJ
C:\USERS\URES\DOCUMENTS\VISUAL STUDIO 2010\PROJECTS\XBOX360SAMPLES\HTTP SOCKET SERVER\COMMON\DEBUG\ATGRESOURCEDATABASE.OBJ
C:\USERS\URES\DOCUMENTS\VISUAL STUDIO 2010\PROJECTS\XBOX360SAMPLES\HTTP SOCKET SERVER\COMMON\DEBUG\ATGREST.OBJ
C:\USERS\URES\DOCUMENTS\VISUAL STUDIO 2010\PROJECTS\XBOX360SAMPLES\HTTP SOCKET SERVER\COMMON\DEBUG\ATGSCENE.OBJ
C:\USERS\URES\DOCUMENTS\VISUAL STUDIO 2010\PROJECTS\XBOX360SAMPLES\HTTP SOCKET SERVER\COMMON\DEBUG\ATGSCENEFILEPARSER.OBJ
C:\USERS\URES\DOCUMENTS\VISUAL STUDIO 2010\PROJECTS\XBOX360SAMPLES\HTTP SOCKET SERVER\COMMON\DEBUG\ATGSCENEMESH.OBJ
C:\USERS\URES\DOCUMENTS\VISUAL STUDIO 2010\PROJECTS\XBOX360SAMPLES\HTTP SOCKET SERVER\COMMON\DEBUG\ATGSESSIONMANAGER.OBJ
C:\USERS\URES\DOCUMENTS\VISUAL STUDIO 2010\PROJECTS\XBOX360SAMPLES\HTTP SOCKET SERVER\COMMON\DEBUG\ATGSIGNIN.OBJ
C:\USERS\URES\DOCUMENTS\VISUAL STUDIO 2010\PROJECTS\XBOX360SAMPLES\HTTP SOCKET SERVER\COMMON\DEBUG\ATGSIMPLESHADERS.OBJ
C:\USERS\URES\DOCUMENTS\VISUAL STUDIO 2010\PROJECTS\XBOX360SAMPLES\HTTP SOCKET SERVER\COMMON\DEBUG\ATGSKELETALANIMATION.OBJ
C:\USERS\URES\DOCUMENTS\VISUAL STUDIO 2010\PROJECTS\XBOX360SAMPLES\HTTP SOCKET SERVER\COMMON\DEBUG\ATGSPECTRALDISPLAY.OBJ
C:\USERS\URES\DOCUMENTS\VISUAL STUDIO 2010\PROJECTS\XBOX360SAMPLES\HTTP SOCKET SERVER\COMMON\DEBUG\ATGUTIL.OBJ
C:\USERS\URES\DOCUMENTS\VISUAL STUDIO 2010\PROJECTS\XBOX360SAMPLES\HTTP SOCKET SERVER\COMMON\DEBUG\ATGWAVEBANK.OBJ
C:\USERS\URES\DOCUMENTS\VISUAL STUDIO 2010\PROJECTS\XBOX360SAMPLES\HTTP SOCKET SERVER\COMMON\DEBUG\ATGXIME.OBJ
C:\USERS\URES\DOCUMENTS\VISUAL STUDIO 2010\PROJECTS\XBOX360SAMPLES\HTTP SOCKET SERVER\COMMON\DEBUG\ATGXMLPARSER.OBJ
C:\USERS\URES\DOCUMENTS\VISUAL STUDIO 2010\PROJECTS\XBOX360SAMPLES\HTTP SOCKET SERVER\COMMON\DEBUG\ATGXMLWRITER.OBJ
C:\USERS\URES\DOCUMENTS\VISUAL STUDIO 2010\PROJECTS\XBOX360SAMPLES\HTTP SOCKET SERVER\COMMON\DEBUG\STDAFX.OBJ
C:\USERS\URES\DOCUMENTS\VISUAL STUDIO 2010\PROJECTS\XBOX360SAMPLES\HTTP SOCKET SERVER\COMMON\DEBUG\VC100.PDB
C:\Users\ures\Documents\Visual Studio 2010\Projects\Xbox360Samples\X360WebServer\Common\Debug\AtgAnimation.obj
C:\Users\ures\Documents\Visual Studio 2010\Projects\Xbox360Samples\X360WebServer\Common\Debug\AtgApp.obj
C:\Users\ures\Documents\Visual Studio 2010\Projects\Xbox360Samples\X360WebServer\Common\Debug\AtgAudio.obj
C:\Users\ures\Documents\Visual Studio 2010\Projects\Xbox360Samples\X360WebServer\Common\Debug\AtgAvatarRenderer.obj
C:\Users\ures\Documents\Visual Studio 2010\Projects\Xbox360Samples\X360WebServer\Common\Debug\AtgBound.obj
C:\Users\ures\Documents\Visual Studio 2010\Projects\Xbox360Samples\X360WebServer\Common\Debug\AtgCamera.obj
C:\Users\ures\Documents\Visual Studio 2010\Projects\Xbox360Samples\X360WebServer\Common\Debug\AtgCollision.obj
C:\Users\ures\Documents\Visual Studio 2010\Projects\Xbox360Samples\X360WebServer\Common\Debug\AtgConsole.obj
C:\Users\ures\Documents\Visual Studio 2010\Projects\Xbox360Samples\X360WebServer\Common\Debug\AtgDebugDraw.obj
C:\Users\ures\Documents\Visual Studio 2010\Projects\Xbox360Samples\X360WebServer\Common\Debug\AtgDevice.obj
C:\Users\ures\Documents\Visual Studio 2010\Projects\Xbox360Samples\X360WebServer\Common\Debug\ATGDsp.obj
C:\Users\ures\Documents\Visual Studio 2010\Projects\Xbox360Samples\X360WebServer\Common\Debug\AtgEnumStrings.obj
C:\Users\ures\Documents\Visual Studio 2010\Projects\Xbox360Samples\X360WebServer\Common\Debug\AtgFont.obj
C:\Users\ures\Documents\Visual Studio 2010\Projects\Xbox360Samples\X360WebServer\Common\Debug\AtgFrame.obj
C:\Users\ures\Documents\Visual Studio 2010\Projects\Xbox360Samples\X360WebServer\Common\Debug\AtgFramework.lib
C:\Users\ures\Documents\Visual Studio 2010\Projects\Xbox360Samples\X360WebServer\Common\Debug\AtgFramework.pch
C:\Users\ures\Documents\Visual Studio 2010\Projects\Xbox360Samples\X360WebServer\Common\Debug\AtgFramework.write.1.tlog
C:\Users\ures\Documents\Visual Studio 2010\Projects\Xbox360Samples\X360WebServer\Common\Debug\AtgHelp.obj
C:\Users\ures\Documents\Visual Studio 2010\Projects\Xbox360Samples\X360WebServer\Common\Debug\AtgHttp.obj
C:\Users\ures\Documents\Visual Studio 2010\Projects\Xbox360Samples\X360WebServer\Common\Debug\AtgInput.obj
C:\Users\ures\Documents\Visual Studio 2010\Projects\Xbox360Samples\X360WebServer\Common\Debug\AtgJson.obj
C:\Users\ures\Documents\Visual Studio 2010\Projects\Xbox360Samples\X360WebServer\Common\Debug\AtgLight.obj
C:\Users\ures\Documents\Visual Studio 2010\Projects\Xbox360Samples\X360WebServer\Common\Debug\AtgMaterials.obj
C:\Users\ures\Documents\Visual Studio 2010\Projects\Xbox360Samples\X360WebServer\Common\Debug\AtgMediaLocator.obj
C:\Users\ures\Documents\Visual Studio 2010\Projects\Xbox360Samples\X360WebServer\Common\Debug\AtgMesh.obj
C:\Users\ures\Documents\Visual Studio 2010\Projects\Xbox360Samples\X360WebServer\Common\Debug\AtgModel.obj
C:\Users\ures\Documents\Visual Studio 2010\Projects\Xbox360Samples\X360WebServer\Common\Debug\AtgNamedTypedObject.obj
C:\Users\ures\Documents\Visual Studio 2010\Projects\Xbox360Samples\X360WebServer\Common\Debug\AtgNuiCommon.obj
C:\Users\ures\Documents\Visual Studio 2010\Projects\Xbox360Samples\X360WebServer\Common\Debug\AtgNuiHandRefinement.obj
C:\Users\ures\Documents\Visual Studio 2010\Projects\Xbox360Samples\X360WebServer\Common\Debug\AtgNuiJointConverter.obj
C:\Users\ures\Documents\Visual Studio 2010\Projects\Xbox360Samples\X360WebServer\Common\Debug\ATGNuiJointFilter.obj
C:\Users\ures\Documents\Visual Studio 2010\Projects\Xbox360Samples\X360WebServer\Common\Debug\AtgNuiMenu.obj
C:\Users\ures\Documents\Visual Studio 2010\Projects\Xbox360Samples\X360WebServer\Common\Debug\AtgNuiRelativeCoordinates.obj
C:\Users\ures\Documents\Visual Studio 2010\Projects\Xbox360Samples\X360WebServer\Common\Debug\AtgNuiVisualization.obj
C:\Users\ures\Documents\Visual Studio 2010\Projects\Xbox360Samples\X360WebServer\Common\Debug\AtgPostProcess.obj
C:\Users\ures\Documents\Visual Studio 2010\Projects\Xbox360Samples\X360WebServer\Common\Debug\AtgResource.obj
C:\Users\ures\Documents\Visual Studio 2010\Projects\Xbox360Samples\X360WebServer\Common\Debug\AtgResourceDatabase.obj
C:\Users\ures\Documents\Visual Studio 2010\Projects\Xbox360Samples\X360WebServer\Common\Debug\AtgRest.obj
C:\Users\ures\Documents\Visual Studio 2010\Projects\Xbox360Samples\X360WebServer\Common\Debug\AtgScene.obj
C:\Users\ures\Documents\Visual Studio 2010\Projects\Xbox360Samples\X360WebServer\Common\Debug\AtgSceneFileParser.obj
C:\Users\ures\Documents\Visual Studio 2010\Projects\Xbox360Samples\X360WebServer\Common\Debug\AtgSceneMesh.obj
C:\Users\ures\Documents\Visual Studio 2010\Projects\Xbox360Samples\X360WebServer\Common\Debug\AtgSessionManager.obj
C:\Users\ures\Documents\Visual Studio 2010\Projects\Xbox360Samples\X360WebServer\Common\Debug\AtgSignIn.obj
C:\Users\ures\Documents\Visual Studio 2010\Projects\Xbox360Samples\X360WebServer\Common\Debug\AtgSimpleShaders.obj
C:\Users\ures\Documents\Visual Studio 2010\Projects\Xbox360Samples\X360WebServer\Common\Debug\AtgSkeletalAnimation.obj
C:\Users\ures\Documents\Visual Studio 2010\Projects\Xbox360Samples\X360WebServer\Common\Debug\ATGSpectralDisplay.obj
C:\Users\ures\Documents\Visual Studio 2010\Projects\Xbox360Samples\X360WebServer\Common\Debug\AtgUtil.obj
C:\Users\ures\Documents\Visual Studio 2010\Projects\Xbox360Samples\X360WebServer\Common\Debug\AtgWavebank.obj
C:\Users\ures\Documents\Visual Studio 2010\Projects\Xbox360Samples\X360WebServer\Common\Debug\AtgXime.obj
C:\Users\ures\Documents\Visual Studio 2010\Projects\Xbox360Samples\X360WebServer\Common\Debug\AtgXmlParser.obj
C:\Users\ures\Documents\Visual Studio 2010\Projects\Xbox360Samples\X360WebServer\Common\Debug\AtgXmlWriter.obj
C:\Users\ures\Documents\Visual Studio 2010\Projects\Xbox360Samples\X360WebServer\Common\Debug\CL.15748.read.1.tlog
C:\Users\ures\Documents\Visual Studio 2010\Projects\Xbox360Samples\X360WebServer\Common\Debug\CL.15748.write.1.tlog
C:\Users\ures\Documents\Visual Studio 2010\Projects\Xbox360Samples\X360WebServer\Common\Debug\CL.17136.read.1.tlog
C:\Users\ures\Documents\Visual Studio 2010\Projects\Xbox360Samples\X360WebServer\Common\Debug\CL.17136.write.1.tlog
C:\Users\ures\Documents\Visual Studio 2010\Projects\Xbox360Samples\X360WebServer\Common\Debug\CL.17200.read.1.tlog
C:\Users\ures\Documents\Visual Studio 2010\Projects\Xbox360Samples\X360WebServer\Common\Debug\CL.17200.write.1.tlog
C:\Users\ures\Documents\Visual Studio 2010\Projects\Xbox360Samples\X360WebServer\Common\Debug\CL.4308.read.1.tlog
C:\Users\ures\Documents\Visual Studio 2010\Projects\Xbox360Samples\X360WebServer\Common\Debug\CL.4308.write.1.tlog
C:\Users\ures\Documents\Visual Studio 2010\Projects\Xbox360Samples\X360WebServer\Common\Debug\cl.command.1.tlog
C:\Users\ures\Documents\Visual Studio 2010\Projects\Xbox360Samples\X360WebServer\Common\Debug\CL.read.1.tlog
C:\Users\ures\Documents\Visual Studio 2010\Projects\Xbox360Samples\X360WebServer\Common\Debug\CL.read.2.tlog
C:\Users\ures\Documents\Visual Studio 2010\Projects\Xbox360Samples\X360WebServer\Common\Debug\CL.read.3.tlog
C:\Users\ures\Documents\Visual Studio 2010\Projects\Xbox360Samples\X360WebServer\Common\Debug\CL.read.4.tlog
C:\Users\ures\Documents\Visual Studio 2010\Projects\Xbox360Samples\X360WebServer\Common\Debug\CL.write.1.tlog
C:\Users\ures\Documents\Visual Studio 2010\Projects\Xbox360Samples\X360WebServer\Common\Debug\lib.command.1.tlog
C:\Users\ures\Documents\Visual Studio 2010\Projects\Xbox360Samples\X360WebServer\Common\Debug\Lib.read.1.tlog
C:\Users\ures\Documents\Visual Studio 2010\Projects\Xbox360Samples\X360WebServer\Common\Debug\Lib-link.read.1.tlog
C:\Users\ures\Documents\Visual Studio 2010\Projects\Xbox360Samples\X360WebServer\Common\Debug\Lib-link.write.1.tlog
C:\Users\ures\Documents\Visual Studio 2010\Projects\Xbox360Samples\X360WebServer\Common\Debug\stdafx.obj
C:\Users\ures\Documents\Visual Studio 2010\Projects\Xbox360Samples\X360WebServer\Common\Debug\vc100.pdb
