C:\USERS\URES\DOCUMENTS\VISUAL STUDIO 2010\PROJECTS\XBOX360SAMPLES\X360WEBSERVER\COMMON\RELEASE_LTCG\ATGANIMATION.OBJ
C:\USERS\URES\DOCUMENTS\VISUAL STUDIO 2010\PROJECTS\XBOX360SAMPLES\X360WEBSERVER\COMMON\RELEASE_LTCG\ATGAPP.OBJ
C:\USERS\URES\DOCUMENTS\VISUAL STUDIO 2010\PROJECTS\XBOX360SAMPLES\X360WEBSERVER\COMMON\RELEASE_LTCG\ATGAUDIO.OBJ
C:\USERS\URES\DOCUMENTS\VISUAL STUDIO 2010\PROJECTS\XBOX360SAMPLES\X360WEBSERVER\COMMON\RELEASE_LTCG\ATGAVATARRENDERER.OBJ
C:\USERS\URES\DOCUMENTS\VISUAL STUDIO 2010\PROJECTS\XBOX360SAMPLES\X360WEBSERVER\COMMON\RELEASE_LTCG\ATGBOUND.OBJ
C:\USERS\URES\DOCUMENTS\VISUAL STUDIO 2010\PROJECTS\XBOX360SAMPLES\X360WEBSERVER\COMMON\RELEASE_LTCG\ATGCAMERA.OBJ
C:\USERS\URES\DOCUMENTS\VISUAL STUDIO 2010\PROJECTS\XBOX360SAMPLES\X360WEBSERVER\COMMON\RELEASE_LTCG\ATGCOLLISION.OBJ
C:\USERS\URES\DOCUMENTS\VISUAL STUDIO 2010\PROJECTS\XBOX360SAMPLES\X360WEBSERVER\COMMON\RELEASE_LTCG\ATGCONSOLE.OBJ
C:\USERS\URES\DOCUMENTS\VISUAL STUDIO 2010\PROJECTS\XBOX360SAMPLES\X360WEBSERVER\COMMON\RELEASE_LTCG\ATGDEBUGDRAW.OBJ
C:\USERS\URES\DOCUMENTS\VISUAL STUDIO 2010\PROJECTS\XBOX360SAMPLES\X360WEBSERVER\COMMON\RELEASE_LTCG\ATGDEVICE.OBJ
C:\USERS\URES\DOCUMENTS\VISUAL STUDIO 2010\PROJECTS\XBOX360SAMPLES\X360WEBSERVER\COMMON\RELEASE_LTCG\ATGDSP.OBJ
C:\USERS\URES\DOCUMENTS\VISUAL STUDIO 2010\PROJECTS\XBOX360SAMPLES\X360WEBSERVER\COMMON\RELEASE_LTCG\ATGENUMSTRINGS.OBJ
C:\USERS\URES\DOCUMENTS\VISUAL STUDIO 2010\PROJECTS\XBOX360SAMPLES\X360WEBSERVER\COMMON\RELEASE_LTCG\ATGFONT.OBJ
C:\USERS\URES\DOCUMENTS\VISUAL STUDIO 2010\PROJECTS\XBOX360SAMPLES\X360WEBSERVER\COMMON\RELEASE_LTCG\ATGFRAME.OBJ
C:\USERS\URES\DOCUMENTS\VISUAL STUDIO 2010\PROJECTS\XBOX360SAMPLES\X360WEBSERVER\COMMON\RELEASE_LTCG\ATGFRAMEWORK.LIB
C:\USERS\URES\DOCUMENTS\VISUAL STUDIO 2010\PROJECTS\XBOX360SAMPLES\X360WEBSERVER\COMMON\RELEASE_LTCG\ATGFRAMEWORK.PCH
C:\Users\ures\Documents\Visual Studio 2010\Projects\Xbox360Samples\X360WebServer\Common\Release_LTCG\AtgFramework.write.1.tlog
C:\USERS\URES\DOCUMENTS\VISUAL STUDIO 2010\PROJECTS\XBOX360SAMPLES\X360WEBSERVER\COMMON\RELEASE_LTCG\ATGHELP.OBJ
C:\USERS\URES\DOCUMENTS\VISUAL STUDIO 2010\PROJECTS\XBOX360SAMPLES\X360WEBSERVER\COMMON\RELEASE_LTCG\ATGHTTP.OBJ
C:\USERS\URES\DOCUMENTS\VISUAL STUDIO 2010\PROJECTS\XBOX360SAMPLES\X360WEBSERVER\COMMON\RELEASE_LTCG\ATGINPUT.OBJ
C:\USERS\URES\DOCUMENTS\VISUAL STUDIO 2010\PROJECTS\XBOX360SAMPLES\X360WEBSERVER\COMMON\RELEASE_LTCG\ATGJSON.OBJ
C:\USERS\URES\DOCUMENTS\VISUAL STUDIO 2010\PROJECTS\XBOX360SAMPLES\X360WEBSERVER\COMMON\RELEASE_LTCG\ATGLIGHT.OBJ
C:\USERS\URES\DOCUMENTS\VISUAL STUDIO 2010\PROJECTS\XBOX360SAMPLES\X360WEBSERVER\COMMON\RELEASE_LTCG\ATGMATERIALS.OBJ
C:\USERS\URES\DOCUMENTS\VISUAL STUDIO 2010\PROJECTS\XBOX360SAMPLES\X360WEBSERVER\COMMON\RELEASE_LTCG\ATGMEDIALOCATOR.OBJ
C:\USERS\URES\DOCUMENTS\VISUAL STUDIO 2010\PROJECTS\XBOX360SAMPLES\X360WEBSERVER\COMMON\RELEASE_LTCG\ATGMESH.OBJ
C:\USERS\URES\DOCUMENTS\VISUAL STUDIO 2010\PROJECTS\XBOX360SAMPLES\X360WEBSERVER\COMMON\RELEASE_LTCG\ATGMODEL.OBJ
C:\USERS\URES\DOCUMENTS\VISUAL STUDIO 2010\PROJECTS\XBOX360SAMPLES\X360WEBSERVER\COMMON\RELEASE_LTCG\ATGNAMEDTYPEDOBJECT.OBJ
C:\USERS\URES\DOCUMENTS\VISUAL STUDIO 2010\PROJECTS\XBOX360SAMPLES\X360WEBSERVER\COMMON\RELEASE_LTCG\ATGNUICOMMON.OBJ
C:\USERS\URES\DOCUMENTS\VISUAL STUDIO 2010\PROJECTS\XBOX360SAMPLES\X360WEBSERVER\COMMON\RELEASE_LTCG\ATGNUIHANDREFINEMENT.OBJ
C:\USERS\URES\DOCUMENTS\VISUAL STUDIO 2010\PROJECTS\XBOX360SAMPLES\X360WEBSERVER\COMMON\RELEASE_LTCG\ATGNUIJOINTCONVERTER.OBJ
C:\USERS\URES\DOCUMENTS\VISUAL STUDIO 2010\PROJECTS\XBOX360SAMPLES\X360WEBSERVER\COMMON\RELEASE_LTCG\ATGNUIJOINTFILTER.OBJ
C:\USERS\URES\DOCUMENTS\VISUAL STUDIO 2010\PROJECTS\XBOX360SAMPLES\X360WEBSERVER\COMMON\RELEASE_LTCG\ATGNUIMENU.OBJ
C:\USERS\URES\DOCUMENTS\VISUAL STUDIO 2010\PROJECTS\XBOX360SAMPLES\X360WEBSERVER\COMMON\RELEASE_LTCG\ATGNUIRELATIVECOORDINATES.OBJ
C:\USERS\URES\DOCUMENTS\VISUAL STUDIO 2010\PROJECTS\XBOX360SAMPLES\X360WEBSERVER\COMMON\RELEASE_LTCG\ATGNUIVISUALIZATION.OBJ
C:\USERS\URES\DOCUMENTS\VISUAL STUDIO 2010\PROJECTS\XBOX360SAMPLES\X360WEBSERVER\COMMON\RELEASE_LTCG\ATGPOSTPROCESS.OBJ
C:\USERS\URES\DOCUMENTS\VISUAL STUDIO 2010\PROJECTS\XBOX360SAMPLES\X360WEBSERVER\COMMON\RELEASE_LTCG\ATGRESOURCE.OBJ
C:\USERS\URES\DOCUMENTS\VISUAL STUDIO 2010\PROJECTS\XBOX360SAMPLES\X360WEBSERVER\COMMON\RELEASE_LTCG\ATGRESOURCEDATABASE.OBJ
C:\USERS\URES\DOCUMENTS\VISUAL STUDIO 2010\PROJECTS\XBOX360SAMPLES\X360WEBSERVER\COMMON\RELEASE_LTCG\ATGREST.OBJ
C:\USERS\URES\DOCUMENTS\VISUAL STUDIO 2010\PROJECTS\XBOX360SAMPLES\X360WEBSERVER\COMMON\RELEASE_LTCG\ATGSCENE.OBJ
C:\USERS\URES\DOCUMENTS\VISUAL STUDIO 2010\PROJECTS\XBOX360SAMPLES\X360WEBSERVER\COMMON\RELEASE_LTCG\ATGSCENEFILEPARSER.OBJ
C:\USERS\URES\DOCUMENTS\VISUAL STUDIO 2010\PROJECTS\XBOX360SAMPLES\X360WEBSERVER\COMMON\RELEASE_LTCG\ATGSCENEMESH.OBJ
C:\USERS\URES\DOCUMENTS\VISUAL STUDIO 2010\PROJECTS\XBOX360SAMPLES\X360WEBSERVER\COMMON\RELEASE_LTCG\ATGSESSIONMANAGER.OBJ
C:\USERS\URES\DOCUMENTS\VISUAL STUDIO 2010\PROJECTS\XBOX360SAMPLES\X360WEBSERVER\COMMON\RELEASE_LTCG\ATGSIGNIN.OBJ
C:\USERS\URES\DOCUMENTS\VISUAL STUDIO 2010\PROJECTS\XBOX360SAMPLES\X360WEBSERVER\COMMON\RELEASE_LTCG\ATGSIMPLESHADERS.OBJ
C:\USERS\URES\DOCUMENTS\VISUAL STUDIO 2010\PROJECTS\XBOX360SAMPLES\X360WEBSERVER\COMMON\RELEASE_LTCG\ATGSKELETALANIMATION.OBJ
C:\USERS\URES\DOCUMENTS\VISUAL STUDIO 2010\PROJECTS\XBOX360SAMPLES\X360WEBSERVER\COMMON\RELEASE_LTCG\ATGSPECTRALDISPLAY.OBJ
C:\USERS\URES\DOCUMENTS\VISUAL STUDIO 2010\PROJECTS\XBOX360SAMPLES\X360WEBSERVER\COMMON\RELEASE_LTCG\ATGUTIL.OBJ
C:\USERS\URES\DOCUMENTS\VISUAL STUDIO 2010\PROJECTS\XBOX360SAMPLES\X360WEBSERVER\COMMON\RELEASE_LTCG\ATGWAVEBANK.OBJ
C:\USERS\URES\DOCUMENTS\VISUAL STUDIO 2010\PROJECTS\XBOX360SAMPLES\X360WEBSERVER\COMMON\RELEASE_LTCG\ATGXIME.OBJ
C:\USERS\URES\DOCUMENTS\VISUAL STUDIO 2010\PROJECTS\XBOX360SAMPLES\X360WEBSERVER\COMMON\RELEASE_LTCG\ATGXMLPARSER.OBJ
C:\USERS\URES\DOCUMENTS\VISUAL STUDIO 2010\PROJECTS\XBOX360SAMPLES\X360WEBSERVER\COMMON\RELEASE_LTCG\ATGXMLWRITER.OBJ
C:\Users\ures\Documents\Visual Studio 2010\Projects\Xbox360Samples\X360WebServer\Common\Release_LTCG\CL.10232.read.1.tlog
C:\Users\ures\Documents\Visual Studio 2010\Projects\Xbox360Samples\X360WebServer\Common\Release_LTCG\CL.10232.write.1.tlog
C:\Users\ures\Documents\Visual Studio 2010\Projects\Xbox360Samples\X360WebServer\Common\Release_LTCG\CL.200.read.1.tlog
C:\Users\ures\Documents\Visual Studio 2010\Projects\Xbox360Samples\X360WebServer\Common\Release_LTCG\CL.200.write.1.tlog
C:\Users\ures\Documents\Visual Studio 2010\Projects\Xbox360Samples\X360WebServer\Common\Release_LTCG\CL.8012.read.1.tlog
C:\Users\ures\Documents\Visual Studio 2010\Projects\Xbox360Samples\X360WebServer\Common\Release_LTCG\CL.8012.write.1.tlog
C:\Users\ures\Documents\Visual Studio 2010\Projects\Xbox360Samples\X360WebServer\Common\Release_LTCG\CL.9340.read.1.tlog
C:\Users\ures\Documents\Visual Studio 2010\Projects\Xbox360Samples\X360WebServer\Common\Release_LTCG\CL.9340.write.1.tlog
C:\Users\ures\Documents\Visual Studio 2010\Projects\Xbox360Samples\X360WebServer\Common\Release_LTCG\cl.command.1.tlog
C:\Users\ures\Documents\Visual Studio 2010\Projects\Xbox360Samples\X360WebServer\Common\Release_LTCG\CL.read.1.tlog
C:\Users\ures\Documents\Visual Studio 2010\Projects\Xbox360Samples\X360WebServer\Common\Release_LTCG\CL.read.2.tlog
C:\Users\ures\Documents\Visual Studio 2010\Projects\Xbox360Samples\X360WebServer\Common\Release_LTCG\CL.read.3.tlog
C:\Users\ures\Documents\Visual Studio 2010\Projects\Xbox360Samples\X360WebServer\Common\Release_LTCG\CL.read.4.tlog
C:\Users\ures\Documents\Visual Studio 2010\Projects\Xbox360Samples\X360WebServer\Common\Release_LTCG\CL.write.1.tlog
C:\Users\ures\Documents\Visual Studio 2010\Projects\Xbox360Samples\X360WebServer\Common\Release_LTCG\lib.command.1.tlog
C:\Users\ures\Documents\Visual Studio 2010\Projects\Xbox360Samples\X360WebServer\Common\Release_LTCG\Lib.read.1.tlog
C:\Users\ures\Documents\Visual Studio 2010\Projects\Xbox360Samples\X360WebServer\Common\Release_LTCG\Lib-link.read.1.tlog
C:\Users\ures\Documents\Visual Studio 2010\Projects\Xbox360Samples\X360WebServer\Common\Release_LTCG\Lib-link.write.1.tlog
C:\USERS\URES\DOCUMENTS\VISUAL STUDIO 2010\PROJECTS\XBOX360SAMPLES\X360WEBSERVER\COMMON\RELEASE_LTCG\STDAFX.OBJ
C:\USERS\URES\DOCUMENTS\VISUAL STUDIO 2010\PROJECTS\XBOX360SAMPLES\X360WEBSERVER\COMMON\RELEASE_LTCG\VC100.PDB
